<?xml version="1.0" encoding="UTF-8"?>
<testng-results ignored="0" total="1" passed="1" failed="0" skipped="0">
  <reporter-output>
  </reporter-output>
  <suite started-at="2024-07-17T23:11:15 IST" name="Suite" finished-at="2024-07-17T23:11:36 IST" duration-ms="21076">
    <groups>
    </groups>
    <test started-at="2024-07-17T23:11:15 IST" name="Test" finished-at="2024-07-17T23:11:36 IST" duration-ms="21076">
      <class name="tests.SearchTests">
        <test-method is-config="true" signature="setupClass(java.lang.String)[pri:0, instance:tests.SearchTests@12f9af83]" started-at="2024-07-17T23:11:15 IST" name="setupClass" finished-at="2024-07-17T23:11:18 IST" duration-ms="2813" status="PASS">
          <params>
            <param index="0">
              <value>
                <![CDATA[chrome]]>
              </value>
            </param>
          </params>
          <reporter-output>
          </reporter-output>
        </test-method> <!-- setupClass -->
        <test-method is-config="true" signature="setup()[pri:0, instance:tests.SearchTests@12f9af83]" started-at="2024-07-17T23:11:18 IST" name="setup" finished-at="2024-07-17T23:11:21 IST" duration-ms="3925" status="PASS">
          <reporter-output>
          </reporter-output>
        </test-method> <!-- setup -->
        <test-method signature="searchItemFromHomepage()[pri:0, instance:tests.SearchTests@12f9af83]" started-at="2024-07-17T23:11:21 IST" name="searchItemFromHomepage" finished-at="2024-07-17T23:11:35 IST" duration-ms="13670" status="PASS">
          <reporter-output>
          </reporter-output>
        </test-method> <!-- searchItemFromHomepage -->
        <test-method is-config="true" signature="teardownClass()[pri:0, instance:tests.SearchTests@12f9af83]" started-at="2024-07-17T23:11:35 IST" name="teardownClass" finished-at="2024-07-17T23:11:36 IST" duration-ms="569" status="PASS">
          <reporter-output>
          </reporter-output>
        </test-method> <!-- teardownClass -->
      </class> <!-- tests.SearchTests -->
    </test> <!-- Test -->
  </suite> <!-- Suite -->
</testng-results>
